<?xml version="1.0" encoding="UTF-8"?>
<!-- Generated by org.testng.reporters.JUnitReportReporter -->
<testsuite hostname="DESKTOP-8T3JSI0" name="barley.analytics.datasource.rdbms.mysql.MySQLAnalyticsDataServiceTest" tests="35" failures="35" timestamp="2 Aug 2019 06:26:11 GMT" time="0.028" errors="0">
  <testcase name="testMultipleDataRecordAddRetieveWithTimestampRange" time="0.000" classname="barley.analytics.datasource.rdbms.mysql.MySQLAnalyticsDataServiceTest"/>
  <testcase name="testReIndex" time="0.000" classname="barley.analytics.datasource.rdbms.mysql.MySQLAnalyticsDataServiceTest"/>
  <testcase name="testTableCreateDeleteList" time="0.000" classname="barley.analytics.datasource.rdbms.mysql.MySQLAnalyticsDataServiceTest"/>
  <testcase name="testDataRecordAddReadPerformanceIndex1C" time="0.000" classname="barley.analytics.datasource.rdbms.mysql.MySQLAnalyticsDataServiceTest"/>
  <testcase name="testTableSetGetSchema" time="0.000" classname="barley.analytics.datasource.rdbms.mysql.MySQLAnalyticsDataServiceTest"/>
  <testcase name="testFacetSplitterForTable" time="0.000" classname="barley.analytics.datasource.rdbms.mysql.MySQLAnalyticsDataServiceTest"/>
  <testcase name="testIndexedDataAddRetrieve" time="0.000" classname="barley.analytics.datasource.rdbms.mysql.MySQLAnalyticsDataServiceTest"/>
  <testcase name="testFacetDataRecordAddReadPerformanceIndexMultipleTablesNC" time="0.000" classname="barley.analytics.datasource.rdbms.mysql.MySQLAnalyticsDataServiceTest"/>
  <testcase name="testDrillDownCategories" time="0.000" classname="barley.analytics.datasource.rdbms.mysql.MySQLAnalyticsDataServiceTest"/>
  <testcase name="testCreateMergedSchema" time="0.000" classname="barley.analytics.datasource.rdbms.mysql.MySQLAnalyticsDataServiceTest"/>
  <testcase name="testTableCreateTableIfNotExists" time="0.001" classname="barley.analytics.datasource.rdbms.mysql.MySQLAnalyticsDataServiceTest"/>
  <testcase name="testFacetDefaultValueForField" time="0.000" classname="barley.analytics.datasource.rdbms.mysql.MySQLAnalyticsDataServiceTest"/>
  <testcase name="testGlobalTenantId" time="0.001" classname="barley.analytics.datasource.rdbms.mysql.MySQLAnalyticsDataServiceTest"/>
  <testcase name="testTableGetNoSchema" time="0.001" classname="barley.analytics.datasource.rdbms.mysql.MySQLAnalyticsDataServiceTest"/>
  <testcase name="testIndexDataDeleteWithIds" time="0.000" classname="barley.analytics.datasource.rdbms.mysql.MySQLAnalyticsDataServiceTest"/>
  <testcase name="testFacetDataRecordAddReadPerformanceIndexMultipleTables1C" time="0.000" classname="barley.analytics.datasource.rdbms.mysql.MySQLAnalyticsDataServiceTest"/>
  <testcase name="testMultipleDataRecordAddRetrieveWithKeys" time="0.001" classname="barley.analytics.datasource.rdbms.mysql.MySQLAnalyticsDataServiceTest"/>
  <testcase name="testDataRecordAddReadPerformanceNonIndex" time="0.000" classname="barley.analytics.datasource.rdbms.mysql.MySQLAnalyticsDataServiceTest"/>
  <testcase name="testFacetDataRecordAddReadPerformanceIndex1C" time="0.000" classname="barley.analytics.datasource.rdbms.mysql.MySQLAnalyticsDataServiceTest"/>
  <testcase name="testIndexedDataUpdate" time="0.000" classname="barley.analytics.datasource.rdbms.mysql.MySQLAnalyticsDataServiceTest"/>
  <testcase name="testFacetDataRecordAddReadPerformanceIndexNC" time="0.000" classname="barley.analytics.datasource.rdbms.mysql.MySQLAnalyticsDataServiceTest"/>
  <testcase name="testFacetDefaultValueAndSplitterGlobally" time="0.000" classname="barley.analytics.datasource.rdbms.mysql.MySQLAnalyticsDataServiceTest"/>
  <testcase name="testSortData" time="0.000" classname="barley.analytics.datasource.rdbms.mysql.MySQLAnalyticsDataServiceTest"/>
  <testcase name="testIndexAddRetrieve" time="0.002" classname="barley.analytics.datasource.rdbms.mysql.MySQLAnalyticsDataServiceTest"/>
  <testcase name="testIndexDataDeleteRange" time="0.000" classname="barley.analytics.datasource.rdbms.mysql.MySQLAnalyticsDataServiceTest"/>
  <testcase name="testTableCreateDeleteListNegativeTenantIds" time="0.001" classname="barley.analytics.datasource.rdbms.mysql.MySQLAnalyticsDataServiceTest"/>
  <testcase name="testDrillDownRangeCount" time="0.001" classname="barley.analytics.datasource.rdbms.mysql.MySQLAnalyticsDataServiceTest"/>
  <testcase name="testMultipleRecordStores" time="0.020" classname="barley.analytics.datasource.rdbms.mysql.MySQLAnalyticsDataServiceTest">
    <failure type="java.lang.NullPointerException">
      <![CDATA[java.lang.NullPointerException
	at barley.analytics.datasource.rdbms.AnalyticsDataServiceTest.cleanupTable(AnalyticsDataServiceTest.java:244)
	at barley.analytics.datasource.rdbms.AnalyticsDataServiceTest.testMultipleRecordStores(AnalyticsDataServiceTest.java:85)
	at sun.reflect.NativeMethodAccessorImpl.invoke0(Native Method)
	at sun.reflect.NativeMethodAccessorImpl.invoke(NativeMethodAccessorImpl.java:62)
	at sun.reflect.DelegatingMethodAccessorImpl.invoke(DelegatingMethodAccessorImpl.java:43)
	at java.lang.reflect.Method.invoke(Method.java:498)
	at org.testng.internal.MethodInvocationHelper.invokeMethod(MethodInvocationHelper.java:80)
	at org.testng.internal.Invoker.invokeMethod(Invoker.java:714)
	at org.testng.internal.Invoker.invokeTestMethod(Invoker.java:901)
	at org.testng.internal.Invoker.invokeTestMethods(Invoker.java:1231)
	at org.testng.internal.TestMethodWorker.invokeTestMethods(TestMethodWorker.java:127)
	at org.testng.internal.TestMethodWorker.run(TestMethodWorker.java:111)
	at org.testng.TestRunner.privateRun(TestRunner.java:767)
	at org.testng.TestRunner.run(TestRunner.java:617)
	at org.testng.SuiteRunner.runTest(SuiteRunner.java:334)
	at org.testng.SuiteRunner.runSequentially(SuiteRunner.java:329)
	at org.testng.SuiteRunner.privateRun(SuiteRunner.java:291)
	at org.testng.SuiteRunner.run(SuiteRunner.java:240)
	at org.testng.SuiteRunnerWorker.runSuite(SuiteRunnerWorker.java:52)
	at org.testng.SuiteRunnerWorker.run(SuiteRunnerWorker.java:86)
	at org.testng.TestNG.runSuitesSequentially(TestNG.java:1198)
	at org.testng.TestNG.runSuitesLocally(TestNG.java:1123)
	at org.testng.TestNG.run(TestNG.java:1031)
	at org.testng.remote.AbstractRemoteTestNG.run(AbstractRemoteTestNG.java:132)
	at org.testng.remote.RemoteTestNG.initAndRun(RemoteTestNG.java:230)
	at org.testng.remote.RemoteTestNG.main(RemoteTestNG.java:76)
]]>
    </failure>
  </testcase> <!-- testMultipleRecordStores -->
  <testcase name="testDataRecordAddReadPerformanceIndexNC" time="0.000" classname="barley.analytics.datasource.rdbms.mysql.MySQLAnalyticsDataServiceTest"/>
  <testcase name="testSearchCount" time="0.000" classname="barley.analytics.datasource.rdbms.mysql.MySQLAnalyticsDataServiceTest"/>
  <testcase name="testRecordAddRetrieveWithKeyValues" time="0.000" classname="barley.analytics.datasource.rdbms.mysql.MySQLAnalyticsDataServiceTest"/>
  <testcase name="testAnalyticsClusterManager" time="0.000" classname="barley.analytics.datasource.rdbms.mysql.MySQLAnalyticsDataServiceTest"/>
  <testcase name="testMultitenantDataAddGlobalDataRetrieve" time="0.000" classname="barley.analytics.datasource.rdbms.mysql.MySQLAnalyticsDataServiceTest"/>
  <testcase name="testFacetDefaultValueForTable" time="0.000" classname="barley.analytics.datasource.rdbms.mysql.MySQLAnalyticsDataServiceTest"/>
  <testcase name="testFacetSplitterForField" time="0.000" classname="barley.analytics.datasource.rdbms.mysql.MySQLAnalyticsDataServiceTest"/>
</testsuite> <!-- barley.analytics.datasource.rdbms.mysql.MySQLAnalyticsDataServiceTest -->
